{
  "RSpec": {
    "coverage": {
      "/home/jope/githubProjektit/ratebeer/app/models/rating.rb": [
        1,
        1,
        1,
        null,
        1,
        null,
        null,
        null,
        3,
        null,
        1,
        28,
        null,
        null
      ],
      "/home/jope/githubProjektit/ratebeer/app/helpers/application_helper.rb": [
        1,
        1,
        1,
        1,
        0,
        null,
        0,
        1,
        0,
        null,
        null,
        null,
        1,
        27,
        null,
        null
      ],
      "/home/jope/githubProjektit/ratebeer/app/helpers/beer_clubs_helper.rb": [
        1,
        null
      ],
      "/home/jope/githubProjektit/ratebeer/app/helpers/beers_helper.rb": [
        1,
        null
      ],
      "/home/jope/githubProjektit/ratebeer/app/helpers/breweries_helper.rb": [
        1,
        null
      ],
      "/home/jope/githubProjektit/ratebeer/app/helpers/memberships_helper.rb": [
        1,
        null
      ],
      "/home/jope/githubProjektit/ratebeer/app/helpers/styles_helper.rb": [
        1,
        null
      ],
      "/home/jope/githubProjektit/ratebeer/app/helpers/users_helper.rb": [
        1,
        null
      ],
      "/home/jope/githubProjektit/ratebeer/app/models/beer.rb": [
        1,
        1,
        null,
        1,
        1,
        1,
        1,
        null,
        1,
        1,
        1,
        null,
        1,
        10,
        null,
        null,
        1,
        6,
        null,
        null
      ],
      "/home/jope/githubProjektit/ratebeer/app/models/concerns/rating_average.rb": [
        1,
        1,
        null,
        1,
        37,
        null,
        null
      ],
      "/home/jope/githubProjektit/ratebeer/app/models/brewery.rb": [
        1,
        1,
        null,
        1,
        1,
        null,
        1,
        null,
        1,
        null,
        1,
        null,
        null,
        4,
        4,
        null,
        1,
        47,
        0,
        null,
        null,
        null,
        1,
        4,
        null,
        null
      ],
      "/home/jope/githubProjektit/ratebeer/app/models/user.rb": [
        1,
        1,
        null,
        1,
        null,
        1,
        1,
        1,
        1,
        null,
        1,
        null,
        null,
        null,
        1,
        null,
        null,
        1,
        31,
        30,
        null,
        null,
        1,
        31,
        null,
        null,
        1,
        31,
        null,
        null,
        1,
        62,
        null,
        192,
        60,
        60,
        null,
        null,
        null,
        72,
        null,
        132,
        null,
        null,
        1,
        0,
        null,
        null,
        1,
        4,
        null,
        null
      ],
      "/home/jope/githubProjektit/ratebeer/app/models/style.rb": [
        1,
        1,
        null,
        1,
        1,
        null,
        1,
        null,
        null,
        1,
        4,
        null,
        null
      ],
      "/home/jope/githubProjektit/ratebeer/app/controllers/beers_controller.rb": [
        1,
        1,
        1,
        1,
        1,
        null,
        null,
        null,
        1,
        5,
        null,
        5,
        5,
        0,
        0,
        null,
        null,
        null,
        1,
        null,
        null,
        null,
        null,
        1,
        0,
        0,
        null,
        null,
        null,
        1,
        2,
        null,
        null,
        null,
        1,
        null,
        null,
        null,
        null,
        1,
        2,
        null,
        2,
        2,
        2,
        1,
        null,
        1,
        2,
        1,
        null,
        null,
        null,
        null,
        null,
        null,
        1,
        0,
        0,
        0,
        0,
        null,
        0,
        0,
        null,
        null,
        null,
        null,
        null,
        null,
        1,
        0,
        0,
        0,
        0,
        null,
        null,
        null,
        1,
        null,
        1,
        0,
        null,
        null,
        1,
        3,
        3,
        null,
        null,
        null,
        1,
        2,
        null,
        null
      ],
      "/home/jope/githubProjektit/ratebeer/app/controllers/application_controller.rb": [
        1,
        null,
        null,
        1,
        null,
        1,
        null,
        1,
        209,
        144,
        null,
        null,
        1,
        19,
        19,
        14,
        null,
        null,
        1,
        15,
        null,
        null,
        1,
        0,
        null,
        null
      ],
      "/home/jope/githubProjektit/ratebeer/app/controllers/sessions_controller.rb": [
        1,
        1,
        10,
        null,
        null,
        1,
        8,
        8,
        7,
        0,
        null,
        7,
        7,
        null,
        null,
        1,
        null,
        null,
        null,
        1,
        0,
        0,
        null,
        null
      ],
      "/home/jope/githubProjektit/ratebeer/app/controllers/users_controller.rb": [
        1,
        1,
        1,
        1,
        null,
        null,
        null,
        1,
        0,
        null,
        null,
        null,
        null,
        1,
        null,
        null,
        null,
        1,
        1,
        null,
        null,
        null,
        1,
        null,
        null,
        null,
        null,
        1,
        1,
        null,
        1,
        1,
        2,
        1,
        null,
        0,
        0,
        null,
        null,
        null,
        null,
        null,
        null,
        1,
        0,
        0,
        0,
        0,
        null,
        0,
        0,
        null,
        null,
        null,
        null,
        null,
        null,
        1,
        0,
        0,
        0,
        null,
        0,
        0,
        0,
        null,
        null,
        null,
        1,
        0,
        null,
        0,
        null,
        0,
        null,
        null,
        1,
        null,
        1,
        18,
        null,
        null,
        null,
        1,
        1,
        null,
        null
      ],
      "/home/jope/githubProjektit/ratebeer/app/models/membership.rb": [
        1,
        1,
        1,
        null
      ],
      "/home/jope/githubProjektit/ratebeer/app/models/beer_club.rb": [
        1,
        1,
        1,
        null
      ],
      "/home/jope/githubProjektit/ratebeer/app/controllers/breweries_controller.rb": [
        1,
        1,
        1,
        1,
        null,
        null,
        null,
        1,
        3,
        null,
        9,
        3,
        null,
        3,
        null,
        3,
        null,
        3,
        0,
        0,
        0,
        null,
        null,
        0,
        null,
        null,
        3,
        null,
        null,
        1,
        null,
        null,
        null,
        null,
        1,
        null,
        null,
        null,
        1,
        0,
        null,
        null,
        null,
        1,
        null,
        null,
        null,
        null,
        1,
        0,
        null,
        0,
        0,
        0,
        0,
        null,
        0,
        0,
        null,
        null,
        null,
        null,
        null,
        null,
        1,
        0,
        0,
        0,
        0,
        null,
        0,
        0,
        null,
        null,
        null,
        null,
        null,
        null,
        1,
        0,
        0,
        0,
        0,
        null,
        null,
        null,
        1,
        0,
        null,
        0,
        null,
        0,
        null,
        null,
        1,
        null,
        1,
        1,
        null,
        null,
        null,
        1,
        0,
        null,
        null
      ],
      "/home/jope/githubProjektit/ratebeer/lib/beermapping_api.rb": [
        1,
        1,
        5,
        9,
        null,
        null,
        1,
        0,
        null,
        null,
        1,
        null,
        1,
        4,
        null,
        4,
        4,
        null,
        4,
        null,
        3,
        3,
        4,
        null,
        null,
        null,
        1,
        0,
        null,
        0,
        0,
        0,
        null,
        null,
        1,
        4,
        4,
        null,
        null
      ],
      "/home/jope/githubProjektit/ratebeer/app/models/place.rb": [
        1,
        1,
        6,
        null,
        null,
        1,
        0,
        null,
        null,
        1,
        0,
        null,
        null
      ],
      "/home/jope/githubProjektit/ratebeer/app/controllers/places_controller.rb": [
        1,
        null,
        1,
        1,
        null,
        null,
        1,
        0,
        null,
        null,
        1,
        3,
        3,
        1,
        null,
        2,
        null,
        null,
        null
      ],
      "/home/jope/githubProjektit/ratebeer/app/controllers/ratings_controller.rb": [
        1,
        1,
        null,
        1,
        2,
        2,
        2,
        2,
        2,
        null,
        null,
        1,
        5,
        5,
        null,
        null,
        1,
        5,
        null,
        5,
        5,
        5,
        null,
        0,
        0,
        null,
        null,
        null,
        1,
        1,
        1,
        1,
        null,
        null
      ],
      "/home/jope/githubProjektit/ratebeer/app/controllers/memberships_controller.rb": [
        0,
        0,
        0,
        0,
        0,
        0,
        0,
        0,
        0,
        0,
        0,
        0,
        0,
        0,
        0,
        0,
        0,
        0,
        0,
        0,
        0,
        0,
        0,
        0,
        0,
        0,
        0,
        0,
        0,
        0,
        0,
        0,
        0,
        0,
        0,
        0,
        0,
        0,
        0,
        0,
        0,
        0,
        0,
        0,
        0,
        0,
        0,
        0,
        0,
        0,
        0,
        0,
        0,
        0,
        0,
        0,
        0,
        0,
        0,
        0,
        0,
        0,
        0,
        0,
        0,
        0,
        0,
        0,
        0,
        0,
        0,
        0,
        0,
        0,
        0,
        0,
        0,
        0
      ],
      "/home/jope/githubProjektit/ratebeer/app/controllers/styles_controller.rb": [
        0,
        0,
        0,
        0,
        0,
        0,
        0,
        0,
        0,
        0,
        0,
        0,
        0,
        0,
        0,
        0,
        0,
        0,
        0,
        0,
        0,
        0,
        0,
        0,
        0,
        0,
        0,
        0,
        0,
        0,
        0,
        0,
        0,
        0,
        0,
        0,
        0,
        0,
        0,
        0,
        0,
        0,
        0,
        0,
        0,
        0,
        0,
        0,
        0,
        0,
        0,
        0,
        0,
        0,
        0,
        0,
        0,
        0,
        0,
        0,
        0,
        0,
        0,
        0,
        0,
        0,
        0,
        0,
        0,
        0,
        0,
        0,
        0,
        0,
        0,
        0,
        0,
        0,
        0,
        0
      ],
      "/home/jope/githubProjektit/ratebeer/app/controllers/beer_clubs_controller.rb": [
        0,
        0,
        0,
        0,
        0,
        0,
        0,
        0,
        0,
        0,
        0,
        0,
        0,
        0,
        0,
        0,
        0,
        0,
        0,
        0,
        0,
        0,
        0,
        0,
        0,
        0,
        0,
        0,
        0,
        0,
        0,
        0,
        0,
        0,
        0,
        0,
        0,
        0,
        0,
        0,
        0,
        0,
        0,
        0,
        0,
        0,
        0,
        0,
        0,
        0,
        0,
        0,
        0,
        0,
        0,
        0,
        0,
        0,
        0,
        0,
        0,
        0,
        0,
        0,
        0,
        0,
        0,
        0,
        0,
        0,
        0,
        0,
        0,
        0,
        0,
        0,
        0,
        0,
        0,
        0,
        0,
        0
      ]
    },
    "timestamp": 1489446676
  }
}
